<?xml version="1.0" encoding="UTF-8"?>
<testng-results ignored="0" total="1" passed="1" failed="0" skipped="0">
  <reporter-output>
  </reporter-output>
  <suite started-at="2022-08-10T22:48:06 IST" name="Default suite" finished-at="2022-08-10T22:50:56 IST" duration-ms="170500">
    <groups>
    </groups>
    <test started-at="2022-08-10T22:48:06 IST" name="Default test" finished-at="2022-08-10T22:50:56 IST" duration-ms="170500">
      <class name="pack2.Testclass">
        <test-method is-config="true" signature="Open()[pri:0, instance:pack2.Testclass@3d5c822d]" started-at="2022-08-10T22:48:06 IST" name="Open" finished-at="2022-08-10T22:50:41 IST" duration-ms="154784" status="PASS">
          <reporter-output>
          </reporter-output>
        </test-method> <!-- Open -->
        <test-method signature="test()[pri:0, instance:pack2.Testclass@3d5c822d]" started-at="2022-08-10T22:50:41 IST" name="test" finished-at="2022-08-10T22:50:56 IST" duration-ms="15039" status="PASS">
          <reporter-output>
          </reporter-output>
        </test-method> <!-- test -->
      </class> <!-- pack2.Testclass -->
    </test> <!-- Default test -->
  </suite> <!-- Default suite -->
</testng-results>
